2025-11-11T13:53:34,506  WARN PrepareForSimImpl:265 'usePersonIdForMissingVehicleId' is deprecated. It will be removed soon.
2025-11-11T13:53:34,507  WARN PrepareForSimImpl:428 Insisting on using backward compatibility MainModeIdentifier instead of setting routingMode directly.
2025-11-11T13:53:36,225  WARN RandomizingTimeDistanceTravelDisutilityFactory:118 There will be no routing randomness. The randomization of the travel disutility requires the travel time cost rate to be different than zero. Continuing anyway.
2025-11-11T13:53:36,227  WARN TurnRestrictionsContext:144 No mode was specified, merging available DisallowedNextLinks from all modes.
2025-11-11T13:53:36,227  WARN TurnRestrictionsContext:145 This could result in a graph that is more restrictive than meant to be for routing.
2025-11-11T13:53:36,646  WARN QueueWithBuffer:504 Link 100619 too small: enlarge storage capacity from: 2.962461487926186 Vehicles to: 4.44324786266609 Vehicles.  This is not fatal, but modifies the traffic flow dynamics.
2025-11-11T13:53:36,646  WARN QueueWithBuffer:504 Link 100620 too small: enlarge storage capacity from: 2.962461487926186 Vehicles to: 4.44324786266609 Vehicles.  This is not fatal, but modifies the traffic flow dynamics.
2025-11-11T13:53:36,648  WARN QueueWithBuffer:504 Link 102909 too small: enlarge storage capacity from: 10.438435291466417 Vehicles to: 15.656087171905906 Vehicles.  This is not fatal, but modifies the traffic flow dynamics.
2025-11-11T13:53:36,648  WARN QueueWithBuffer:504 Link 102911 too small: enlarge storage capacity from: 12.055127023168144 Vehicles to: 18.080882265698737 Vehicles.  This is not fatal, but modifies the traffic flow dynamics.
2025-11-11T13:53:36,649  WARN QueueWithBuffer:504 Link 102912 too small: enlarge storage capacity from: 2.7775 Vehicles to: 2.82604276835985 Vehicles.  This is not fatal, but modifies the traffic flow dynamics.
2025-11-11T13:53:36,649  WARN QueueWithBuffer:504 Link 102944 too small: enlarge storage capacity from: 12.365982009466402 Vehicles to: 18.547118116898183 Vehicles.  This is not fatal, but modifies the traffic flow dynamics.
2025-11-11T13:53:36,649  WARN QueueWithBuffer:504 Link 102945 too small: enlarge storage capacity from: 2.7775 Vehicles to: 3.1474068585948314 Vehicles.  This is not fatal, but modifies the traffic flow dynamics.
2025-11-11T13:53:36,649  WARN QueueWithBuffer:504 Link 102954 too small: enlarge storage capacity from: 12.385667278507185 Vehicles to: 18.576643067669 Vehicles.  This is not fatal, but modifies the traffic flow dynamics.
2025-11-11T13:53:36,649  WARN QueueWithBuffer:504 Link 103036 too small: enlarge storage capacity from: 13.097341995058555 Vehicles to: 19.644048391288575 Vehicles.  This is not fatal, but modifies the traffic flow dynamics.
2025-11-11T13:53:36,649  WARN QueueWithBuffer:504 Link 10304 too small: enlarge storage capacity from: 2.7775 Vehicles to: 3.26456555175058 Vehicles.  This is not fatal, but modifies the traffic flow dynamics.
2025-11-11T13:53:36,649  WARN QueueWithBuffer:504 Link 10305 too small: enlarge storage capacity from: 2.7775 Vehicles to: 3.26456555175058 Vehicles.  This is not fatal, but modifies the traffic flow dynamics.
2025-11-11T13:53:36,649  WARN QueueWithBuffer:507 Additional warnings of this type are suppressed.
2025-11-11T13:53:40,763  WARN ExpBetaPlanChanger:102 Would make sense to revise this once more.  See comments in code.  kai, nov08
2025-11-11T13:54:15,782  WARN RoutingConfigGroup:403 The first mode routing (= teleported mode) params that are explicitly defined clear the default mode routing (= teleported mode) params.  If you want to avoid this 
2025-11-11T13:54:15,783  WARN RoutingConfigGroup:404     warning, use clearTeleportedModeParams(true) in code, and "clearDefaultTeleportedModeParams"=true in xml config.
